<?xml version="1.0" encoding="UTF-8"?>
<testng-results ignored="0" total="3" passed="3" failed="0" skipped="0">
  <reporter-output>
  </reporter-output>
  <suite started-at="2026-02-02T10:32:55 IST" name="Parallel Suite" finished-at="2026-02-02T10:32:55 IST" duration-ms="447">
    <groups>
    </groups>
    <test started-at="2026-02-02T10:32:55 IST" name="Firefox Test" finished-at="2026-02-02T10:32:55 IST" duration-ms="446">
      <class name="AllMainClasses.ParametrizationWithParallelTesting">
        <test-method signature="launchBrowser(java.lang.String)[pri:0, instance:AllMainClasses.ParametrizationWithParallelTesting@878537d]" started-at="2026-02-02T10:32:55 IST" name="launchBrowser" finished-at="2026-02-02T10:32:55 IST" duration-ms="162" status="PASS">
          <params>
            <param index="0">
              <value>
                <![CDATA[firefox]]>
              </value>
            </param>
          </params>
          <reporter-output>
          </reporter-output>
        </test-method> <!-- launchBrowser -->
      </class> <!-- AllMainClasses.ParametrizationWithParallelTesting -->
    </test> <!-- Firefox Test -->
    <test started-at="2026-02-02T10:32:55 IST" name="Edge Test" finished-at="2026-02-02T10:32:55 IST" duration-ms="447">
      <class name="AllMainClasses.ParametrizationWithParallelTesting">
        <test-method signature="launchBrowser(java.lang.String)[pri:0, instance:AllMainClasses.ParametrizationWithParallelTesting@6c37bd27]" started-at="2026-02-02T10:32:55 IST" name="launchBrowser" finished-at="2026-02-02T10:32:55 IST" duration-ms="163" status="PASS">
          <params>
            <param index="0">
              <value>
                <![CDATA[edge]]>
              </value>
            </param>
          </params>
          <reporter-output>
          </reporter-output>
        </test-method> <!-- launchBrowser -->
      </class> <!-- AllMainClasses.ParametrizationWithParallelTesting -->
    </test> <!-- Edge Test -->
    <test started-at="2026-02-02T10:32:55 IST" name="Chrome Test" finished-at="2026-02-02T10:32:55 IST" duration-ms="447">
      <class name="AllMainClasses.ParametrizationWithParallelTesting">
        <test-method signature="launchBrowser(java.lang.String)[pri:0, instance:AllMainClasses.ParametrizationWithParallelTesting@273842a6]" started-at="2026-02-02T10:32:55 IST" name="launchBrowser" finished-at="2026-02-02T10:32:55 IST" duration-ms="163" status="PASS">
          <params>
            <param index="0">
              <value>
                <![CDATA[chrome]]>
              </value>
            </param>
          </params>
          <reporter-output>
          </reporter-output>
        </test-method> <!-- launchBrowser -->
      </class> <!-- AllMainClasses.ParametrizationWithParallelTesting -->
    </test> <!-- Chrome Test -->
  </suite> <!-- Parallel Suite -->
</testng-results>
